<?xml version="1.0" encoding="UTF-8"?>
<!-- Generated by org.testng.reporters.JUnitReportReporter -->
<testsuite hostname="EC2AMAZ-S11DBRH" failures="0" tests="1" name="TestNg.testngbasic" time="0.009" errors="0" timestamp="2024-02-05T12:55:45 GMT" skipped="0">
  <testcase classname="TestNg.testngbasic" name="teztcase1" time="0.009"/>
</testsuite> <!-- TestNg.testngbasic -->
